<?xml version="1.0" encoding="UTF-8"?>
<!-- Generated by org.testng.reporters.JUnitXMLReporter -->
<testsuite hostname="GUR00004638L" name="GeoLocation API Test Cases" tests="3" failures="3" timestamp="6 Aug 2019 20:58:17 GMT" time="3.623" errors="0">
  <testcase name="verifyApiResponse" time="2.986" classname="com.geolocation.api.testcases.ApiTestCase">
    <failure type="java.lang.AssertionError" message="null">
      <![CDATA[java.lang.AssertionError: null
	at com.geolocation.api.testcases.ApiTestCase.verifyApiResponse(ApiTestCase.java:52)
... Removed 26 stack frames]]>
    </failure>
  </testcase> <!-- verifyApiResponse -->
  <testcase name="verifyApiResponse" time="0.309" classname="com.geolocation.api.testcases.ApiTestCase">
    <failure type="java.lang.AssertionError" message="null">
      <![CDATA[java.lang.AssertionError: null
	at com.geolocation.api.testcases.ApiTestCase.verifyApiResponse(ApiTestCase.java:52)
... Removed 26 stack frames]]>
    </failure>
  </testcase> <!-- verifyApiResponse -->
  <testcase name="verifyApiResponse" time="0.276" classname="com.geolocation.api.testcases.ApiTestCase">
    <failure type="java.lang.AssertionError" message="null">
      <![CDATA[java.lang.AssertionError: null
	at com.geolocation.api.testcases.ApiTestCase.verifyApiResponse(ApiTestCase.java:52)
... Removed 26 stack frames]]>
    </failure>
  </testcase> <!-- verifyApiResponse -->
</testsuite> <!-- GeoLocation API Test Cases -->
